# JRE version: OpenJDK Runtime Environment (23.0.1+11) (build 23.0.1+11-39)
# Java VM: OpenJDK 64-Bit Server VM (23.0.1+11-39, mixed mode, sharing, tiered, compressed oops, compressed class ptrs, g1 gc, bsd-amd64)
Heap:
 garbage-first heap   total reserved 4194304K, committed 264192K, used 36125K [0x0000000700000000, 0x0000000800000000)
  region size 2048K, 16 young (32768K), 1 survivors (2048K)
 Metaspace       used 6687K, committed 6848K, reserved 1114112K
  class space    used 743K, committed 832K, reserved 1048576K
GC Heap History (8 events):
Event: 34.176 GC heap before
{Heap before GC invocations=0 (full 0):
 garbage-first heap   total reserved 4194304K, committed 264192K, used 29812K [0x0000000700000000, 0x0000000800000000)
  region size 2048K, 12 young (24576K), 0 survivors (0K)
 Metaspace       used 6640K, committed 6848K, reserved 1114112K
  class space    used 739K, committed 832K, reserved 1048576K
}
Event: 34.179 GC heap after
{Heap after GC invocations=1 (full 0):
 garbage-first heap   total reserved 4194304K, committed 264192K, used 6533K [0x0000000700000000, 0x0000000800000000)
  region size 2048K, 1 young (2048K), 1 survivors (2048K)
 Metaspace       used 6640K, committed 6848K, reserved 1114112K
  class space    used 739K, committed 832K, reserved 1048576K
}
Event: 67.336 GC heap before
{Heap before GC invocations=1 (full 0):
 garbage-first heap   total reserved 4194304K, committed 264192K, used 33157K [0x0000000700000000, 0x0000000800000000)
  region size 2048K, 14 young (28672K), 1 survivors (2048K)
 Metaspace       used 6681K, committed 6848K, reserved 1114112K
  class space    used 742K, committed 832K, reserved 1048576K
}
Event: 67.339 GC heap after
{Heap after GC invocations=2 (full 0):
 garbage-first heap   total reserved 4194304K, committed 264192K, used 6453K [0x0000000700000000, 0x0000000800000000)
  region size 2048K, 1 young (2048K), 1 survivors (2048K)
 Metaspace       used 6681K, committed 6848K, reserved 1114112K
  class space    used 742K, committed 832K, reserved 1048576K
}
Event: 142.487 GC heap before
{Heap before GC invocations=2 (full 0):
 garbage-first heap   total reserved 4194304K, committed 264192K, used 63797K [0x0000000700000000, 0x0000000800000000)
  region size 2048K, 29 young (59392K), 1 survivors (2048K)
 Metaspace       used 6683K, committed 6848K, reserved 1114112K
  class space    used 743K, committed 832K, reserved 1048576K
}
Event: 142.488 GC heap after
{Heap after GC invocations=3 (full 0):
 garbage-first heap   total reserved 4194304K, committed 264192K, used 6500K [0x0000000700000000, 0x0000000800000000)
  region size 2048K, 1 young (2048K), 1 survivors (2048K)
 Metaspace       used 6683K, committed 6848K, reserved 1114112K
  class space    used 743K, committed 832K, reserved 1048576K
}
Event: 244.920 GC heap before
{Heap before GC invocations=3 (full 0):
 garbage-first heap   total reserved 4194304K, committed 264192K, used 84324K [0x0000000700000000, 0x0000000800000000)
  region size 2048K, 39 young (79872K), 1 survivors (2048K)
 Metaspace       used 6687K, committed 6848K, reserved 1114112K
  class space    used 743K, committed 832K, reserved 1048576K
}
Event: 244.923 GC heap after
{Heap after GC invocations=4 (full 0):
 garbage-first heap   total reserved 4194304K, committed 264192K, used 6429K [0x0000000700000000, 0x0000000800000000)
  region size 2048K, 1 young (2048K), 1 survivors (2048K)
 Metaspace       used 6687K, committed 6848K, reserved 1114112K
  class space    used 743K, committed 832K, reserved 1048576K
}

